0 info it worked if it ends with ok
1 verbose cli [ 'C:\\Program Files\\nodejs\\node.exe',
1 verbose cli   'C:\\Users\\pavitran\\AppData\\Roaming\\npm\\node_modules\\npm\\bin\\npm-cli.js',
1 verbose cli   'start' ]
2 info using npm@3.10.10
3 info using node@v8.11.3
4 verbose run-script [ 'prestart', 'start', 'poststart' ]
5 info lifecycle reactApp@1.0.0~prestart: reactApp@1.0.0
6 silly lifecycle reactApp@1.0.0~prestart: no script for prestart, continuing
7 info lifecycle reactApp@1.0.0~start: reactApp@1.0.0
8 verbose lifecycle reactApp@1.0.0~start: unsafe-perm in lifecycle true
9 verbose lifecycle reactApp@1.0.0~start: PATH: C:\Users\pavitran\AppData\Roaming\npm\node_modules\npm\bin\node-gyp-bin;C:\Users\pavitran\reactApp\node_modules\.bin;C:\Program Files (x86)\Common Files\Oracle\Java\javapath;O:\ora11202w\BIN;C:\Program Files (x86)\RSA SecurID Token Common;C:\WINDOWS\system32;C:\WINDOWS;C:\WINDOWS\System32\Wbem;C:\WINDOWS\System32\WindowsPowerShell\v1.0\;C:\Program Files\nodejs\;C:\Program Files\Microsoft VS Code\bin;C:\Program Files\Java\jre1.8.0_171\bin;C:\APS\jdk\jdk1.8.0_66\bin;C:\APS\Ruby200-x64\bin;C:\APS\NodeJS;C:\APS\MAVEN\apache-maven-3.2.5\bin;C:\APS\NodeJS\node_modules\npm\node_modules\bless\bin;C:\APS\NodeJS\node_modules\npm;C:\APS\Unlocker\Unlocker;C:\APS\jdk\jdk1.8.0_66\bin;%M2_HOME%\bin;C:\Users\pavitran\AppData\Local\Programs\Fiddler;C:\Users\pavitran\AppData\Roaming\npm;C:\Users\pavitran\AppData\Local\Microsoft\WindowsApps;
10 verbose lifecycle reactApp@1.0.0~start: CWD: C:\Users\pavitran\reactApp
11 silly lifecycle reactApp@1.0.0~start: Args: [ '/d /s /c',
11 silly lifecycle   'webpack-dev-server --mode development --open --hot' ]
12 silly lifecycle reactApp@1.0.0~start: Returned: code: 1073807364  signal: null
13 info lifecycle reactApp@1.0.0~start: Failed to exec start script
14 verbose stack Error: reactApp@1.0.0 start: `webpack-dev-server --mode development --open --hot`
14 verbose stack Exit status 1073807364
14 verbose stack     at EventEmitter.<anonymous> (C:\Users\pavitran\AppData\Roaming\npm\node_modules\npm\lib\utils\lifecycle.js:255:16)
14 verbose stack     at emitTwo (events.js:126:13)
14 verbose stack     at EventEmitter.emit (events.js:214:7)
14 verbose stack     at ChildProcess.<anonymous> (C:\Users\pavitran\AppData\Roaming\npm\node_modules\npm\lib\utils\spawn.js:40:14)
14 verbose stack     at emitTwo (events.js:126:13)
14 verbose stack     at ChildProcess.emit (events.js:214:7)
14 verbose stack     at maybeClose (internal/child_process.js:925:16)
14 verbose stack     at Process.ChildProcess._handle.onexit (internal/child_process.js:209:5)
15 verbose pkgid reactApp@1.0.0
16 verbose cwd C:\Users\pavitran\reactApp
17 error Windows_NT 10.0.16299
18 error argv "C:\\Program Files\\nodejs\\node.exe" "C:\\Users\\pavitran\\AppData\\Roaming\\npm\\node_modules\\npm\\bin\\npm-cli.js" "start"
19 error node v8.11.3
20 error npm  v3.10.10
21 error code ELIFECYCLE
22 error reactApp@1.0.0 start: `webpack-dev-server --mode development --open --hot`
22 error Exit status 1073807364
23 error Failed at the reactApp@1.0.0 start script 'webpack-dev-server --mode development --open --hot'.
23 error Make sure you have the latest version of node.js and npm installed.
23 error If you do, this is most likely a problem with the reactApp package,
23 error not with npm itself.
23 error Tell the author that this fails on your system:
23 error     webpack-dev-server --mode development --open --hot
23 error You can get information on how to open an issue for this project with:
23 error     npm bugs reactApp
23 error Or if that isn't available, you can get their info via:
23 error     npm owner ls reactApp
23 error There is likely additional logging output above.
24 verbose exit [ 1, true ]
